<?xml version="1.0" encoding="UTF-8"?>
<testsuite name="com.in28minutes.springboot.web.SpringBootFirstWebApplicationTests" time="0.011" tests="1" errors="1" skipped="0" failures="0">
  <properties>
[...]
</properties>
  <testcase name="initializationError" classname="com.in28minutes.springboot.web.SpringBootFirstWebApplicationTests" time="0.011">
    <error message="Unable to find a @SpringBootConfiguration, you need to use @ContextConfiguration or @SpringBootTest(classes=...) with your test" type="java.lang.IllegalStateException"><![CDATA[java.lang.IllegalStateException: Unable to find a @SpringBootConfiguration, you need to use @ContextConfiguration or @SpringBootTest(classes=...) with your test
	at org.springframework.util.Assert.state(Assert.java:392)
	at org.springframework.boot.test.context.SpringBootTestContextBootstrapper.getOrFindConfigurationClasses(SpringBootTestContextBootstrapper.java:173)
	at org.springframework.boot.test.context.SpringBootTestContextBootstrapper.processMergedContextConfiguration(SpringBootTestContextBootstrapper.java:133)
	at org.springframework.test.context.support.AbstractTestContextBootstrapper.buildMergedContextConfiguration(AbstractTestContextBootstrapper.java:409)
	at org.springframework.test.context.support.AbstractTestContextBootstrapper.buildDefaultMergedContextConfiguration(AbstractTestContextBootstrapper.java:323)
	at org.springframework.test.context.support.AbstractTestContextBootstrapper.buildMergedContextConfiguration(AbstractTestContextBootstrapper.java:277)
	at org.springframework.test.context.support.AbstractTestContextBootstrapper.buildTestContext(AbstractTestContextBootstrapper.java:112)
	at org.springframework.boot.test.context.SpringBootTestContextBootstrapper.buildTestContext(SpringBootTestContextBootstrapper.java:78)
	at org.springframework.test.context.TestContextManager.<init>(TestContextManager.java:120)
	at org.springframework.test.context.TestContextManager.<init>(TestContextManager.java:105)
	at org.springframework.test.context.junit4.SpringJUnit4ClassRunner.createTestContextManager(SpringJUnit4ClassRunner.java:152)
	at org.springframework.test.context.junit4.SpringJUnit4ClassRunner.<init>(SpringJUnit4ClassRunner.java:143)
	at org.springframework.test.context.junit4.SpringRunner.<init>(SpringRunner.java:49)
	at java.base/jdk.internal.reflect.NativeConstructorAccessorImpl.newInstance0(Native Method)
	at java.base/jdk.internal.reflect.NativeConstructorAccessorImpl.newInstance(NativeConstructorAccessorImpl.java:64)
	at java.base/jdk.internal.reflect.DelegatingConstructorAccessorImpl.newInstance(DelegatingConstructorAccessorImpl.java:45)
	at java.base/java.lang.reflect.Constructor.newInstanceWithCaller(Constructor.java:500)
	at java.base/java.lang.reflect.Constructor.newInstance(Constructor.java:481)
	at org.junit.internal.builders.AnnotatedBuilder.buildRunner(AnnotatedBuilder.java:104)
	at org.junit.internal.builders.AnnotatedBuilder.runnerForClass(AnnotatedBuilder.java:86)
	at org.junit.runners.model.RunnerBuilder.safeRunnerForClass(RunnerBuilder.java:59)
	at org.junit.internal.builders.AllDefaultPossibilitiesBuilder.runnerForClass(AllDefaultPossibilitiesBuilder.java:26)
	at org.junit.runners.model.RunnerBuilder.safeRunnerForClass(RunnerBuilder.java:59)
	at org.junit.internal.requests.ClassRequest.getRunner(ClassRequest.java:33)
	at org.apache.maven.surefire.junit4.JUnit4Provider.execute(JUnit4Provider.java:283)
	at org.apache.maven.surefire.junit4.JUnit4Provider.executeWithRerun(JUnit4Provider.java:173)
	at org.apache.maven.surefire.junit4.JUnit4Provider.executeTestSet(JUnit4Provider.java:153)
	at org.apache.maven.surefire.junit4.JUnit4Provider.invoke(JUnit4Provider.java:128)
	at org.apache.maven.surefire.booter.ForkedBooter.invokeProviderInSameClassLoader(ForkedBooter.java:203)
	at org.apache.maven.surefire.booter.ForkedBooter.runSuitesInProcess(ForkedBooter.java:155)
	at org.apache.maven.surefire.booter.ForkedBooter.main(ForkedBooter.java:103)
]]></error>
    <system-out><![CDATA[19:46:39.663 [main] DEBUG org.springframework.test.context.junit4.SpringJUnit4ClassRunner - SpringJUnit4ClassRunner constructor called with [class com.in28minutes.springboot.web.SpringBootFirstWebApplicationTests]
19:46:39.673 [main] DEBUG org.springframework.test.context.BootstrapUtils - Instantiating CacheAwareContextLoaderDelegate from class [org.springframework.test.context.cache.DefaultCacheAwareContextLoaderDelegate]
19:46:39.683 [main] DEBUG org.springframework.test.context.BootstrapUtils - Instantiating BootstrapContext using constructor [public org.springframework.test.context.support.DefaultBootstrapContext(java.lang.Class,org.springframework.test.context.CacheAwareContextLoaderDelegate)]
19:46:39.704 [main] DEBUG org.springframework.test.context.BootstrapUtils - Instantiating TestContextBootstrapper for test class [com.in28minutes.springboot.web.SpringBootFirstWebApplicationTests] from class [org.springframework.boot.test.context.SpringBootTestContextBootstrapper]
19:46:39.717 [main] INFO org.springframework.boot.test.context.SpringBootTestContextBootstrapper - Neither @ContextConfiguration nor @ContextHierarchy found for test class [com.in28minutes.springboot.web.SpringBootFirstWebApplicationTests], using SpringBootContextLoader
19:46:39.722 [main] DEBUG org.springframework.test.context.support.AbstractContextLoader - Did not detect default resource location for test class [com.in28minutes.springboot.web.SpringBootFirstWebApplicationTests]: class path resource [com/in28minutes/springboot/web/SpringBootFirstWebApplicationTests-context.xml] does not exist
19:46:39.723 [main] DEBUG org.springframework.test.context.support.AbstractContextLoader - Did not detect default resource location for test class [com.in28minutes.springboot.web.SpringBootFirstWebApplicationTests]: class path resource [com/in28minutes/springboot/web/SpringBootFirstWebApplicationTestsContext.groovy] does not exist
19:46:39.723 [main] INFO org.springframework.test.context.support.AbstractContextLoader - Could not detect default resource locations for test class [com.in28minutes.springboot.web.SpringBootFirstWebApplicationTests]: no resource found for suffixes {-context.xml, Context.groovy}.
19:46:39.724 [main] INFO org.springframework.test.context.support.AnnotationConfigContextLoaderUtils - Could not detect default configuration classes for test class [com.in28minutes.springboot.web.SpringBootFirstWebApplicationTests]: SpringBootFirstWebApplicationTests does not declare any static, non-private, non-final, nested classes annotated with @Configuration.
19:46:39.763 [main] DEBUG org.springframework.test.context.support.ActiveProfilesUtils - Could not find an 'annotation declaring class' for annotation type [org.springframework.test.context.ActiveProfiles] and class [com.in28minutes.springboot.web.SpringBootFirstWebApplicationTests]
19:46:39.772 [main] DEBUG org.springframework.core.env.StandardEnvironment - Adding [systemProperties] PropertySource with lowest search precedence
19:46:39.774 [main] DEBUG org.springframework.core.env.StandardEnvironment - Adding [systemEnvironment] PropertySource with lowest search precedence
19:46:39.775 [main] DEBUG org.springframework.core.env.StandardEnvironment - Initialized StandardEnvironment with PropertySources [systemProperties,systemEnvironment]
19:46:39.785 [main] DEBUG org.springframework.core.io.support.PathMatchingResourcePatternResolver - Resolved classpath location [com/in28minutes/springboot/web/] to resources [URL [file:/C:/Users/tomha/OneDrive/Workspace/student-services/spring-boot-first-web-application/target/test-classes/com/in28minutes/springboot/web/]]
19:46:39.786 [main] DEBUG org.springframework.core.io.support.PathMatchingResourcePatternResolver - Looking for matching resources in directory tree [C:\Users\tomha\OneDrive\Workspace\student-services\spring-boot-first-web-application\target\test-classes\com\in28minutes\springboot\web]
19:46:39.786 [main] DEBUG org.springframework.core.io.support.PathMatchingResourcePatternResolver - Searching directory [C:\Users\tomha\OneDrive\Workspace\student-services\spring-boot-first-web-application\target\test-classes\com\in28minutes\springboot\web] for files matching pattern [C:/Users/tomha/OneDrive/Workspace/student-services/spring-boot-first-web-application/target/test-classes/com/in28minutes/springboot/web/*.class]
19:46:39.790 [main] DEBUG org.springframework.core.io.support.PathMatchingResourcePatternResolver - Resolved location pattern [classpath*:com/in28minutes/springboot/web/*.class] to resources [file [C:\Users\tomha\OneDrive\Workspace\student-services\spring-boot-first-web-application\target\test-classes\com\in28minutes\springboot\web\SpringBootFirstWebApplicationTests.class]]
19:46:39.806 [main] DEBUG org.springframework.core.io.support.PathMatchingResourcePatternResolver - Resolved classpath location [com/in28minutes/springboot/] to resources [URL [file:/C:/Users/tomha/OneDrive/Workspace/student-services/spring-boot-first-web-application/target/test-classes/com/in28minutes/springboot/]]
19:46:39.806 [main] DEBUG org.springframework.core.io.support.PathMatchingResourcePatternResolver - Looking for matching resources in directory tree [C:\Users\tomha\OneDrive\Workspace\student-services\spring-boot-first-web-application\target\test-classes\com\in28minutes\springboot]
19:46:39.806 [main] DEBUG org.springframework.core.io.support.PathMatchingResourcePatternResolver - Searching directory [C:\Users\tomha\OneDrive\Workspace\student-services\spring-boot-first-web-application\target\test-classes\com\in28minutes\springboot] for files matching pattern [C:/Users/tomha/OneDrive/Workspace/student-services/spring-boot-first-web-application/target/test-classes/com/in28minutes/springboot/*.class]
19:46:39.807 [main] DEBUG org.springframework.core.io.support.PathMatchingResourcePatternResolver - Resolved location pattern [classpath*:com/in28minutes/springboot/*.class] to resources []
19:46:39.808 [main] DEBUG org.springframework.core.io.support.PathMatchingResourcePatternResolver - Resolved classpath location [com/in28minutes/] to resources [URL [file:/C:/Users/tomha/OneDrive/Workspace/student-services/spring-boot-first-web-application/target/test-classes/com/in28minutes/]]
19:46:39.809 [main] DEBUG org.springframework.core.io.support.PathMatchingResourcePatternResolver - Looking for matching resources in directory tree [C:\Users\tomha\OneDrive\Workspace\student-services\spring-boot-first-web-application\target\test-classes\com\in28minutes]
19:46:39.809 [main] DEBUG org.springframework.core.io.support.PathMatchingResourcePatternResolver - Searching directory [C:\Users\tomha\OneDrive\Workspace\student-services\spring-boot-first-web-application\target\test-classes\com\in28minutes] for files matching pattern [C:/Users/tomha/OneDrive/Workspace/student-services/spring-boot-first-web-application/target/test-classes/com/in28minutes/*.class]
19:46:39.810 [main] DEBUG org.springframework.core.io.support.PathMatchingResourcePatternResolver - Resolved location pattern [classpath*:com/in28minutes/*.class] to resources []
19:46:39.811 [main] DEBUG org.springframework.core.io.support.PathMatchingResourcePatternResolver - Resolved classpath location [com/] to resources [URL [file:/C:/Users/tomha/OneDrive/Workspace/student-services/spring-boot-first-web-application/target/test-classes/com/], URL [file:/C:/Users/tomha/OneDrive/Workspace/student-services/spring-boot-first-web-application/target/classes/com/], URL [jar:file:/C:/Users/tomha/.m2/repository/com/fasterxml/classmate/1.3.3/classmate-1.3.3.jar!/com/], URL [jar:file:/C:/Users/tomha/.m2/repository/com/fasterxml/jackson/core/jackson-databind/2.8.5/jackson-databind-2.8.5.jar!/com/], URL [jar:file:/C:/Users/tomha/.m2/repository/com/fasterxml/jackson/core/jackson-annotations/2.8.5/jackson-annotations-2.8.5.jar!/com/], URL [jar:file:/C:/Users/tomha/.m2/repository/com/fasterxml/jackson/core/jackson-core/2.8.5/jackson-core-2.8.5.jar!/com/], URL [jar:file:/C:/Users/tomha/.m2/repository/com/jayway/jsonpath/json-path/2.2.0/json-path-2.2.0.jar!/com/]]
19:46:39.811 [main] DEBUG org.springframework.core.io.support.PathMatchingResourcePatternResolver - Looking for matching resources in directory tree [C:\Users\tomha\OneDrive\Workspace\student-services\spring-boot-first-web-application\target\test-classes\com]
19:46:39.811 [main] DEBUG org.springframework.core.io.support.PathMatchingResourcePatternResolver - Searching directory [C:\Users\tomha\OneDrive\Workspace\student-services\spring-boot-first-web-application\target\test-classes\com] for files matching pattern [C:/Users/tomha/OneDrive/Workspace/student-services/spring-boot-first-web-application/target/test-classes/com/*.class]
19:46:39.812 [main] DEBUG org.springframework.core.io.support.PathMatchingResourcePatternResolver - Looking for matching resources in directory tree [C:\Users\tomha\OneDrive\Workspace\student-services\spring-boot-first-web-application\target\classes\com]
19:46:39.812 [main] DEBUG org.springframework.core.io.support.PathMatchingResourcePatternResolver - Searching directory [C:\Users\tomha\OneDrive\Workspace\student-services\spring-boot-first-web-application\target\classes\com] for files matching pattern [C:/Users/tomha/OneDrive/Workspace/student-services/spring-boot-first-web-application/target/classes/com/*.class]
19:46:39.813 [main] DEBUG org.springframework.core.io.support.PathMatchingResourcePatternResolver - Looking for matching resources in jar file [file:/C:/Users/tomha/.m2/repository/com/fasterxml/classmate/1.3.3/classmate-1.3.3.jar]
19:46:39.814 [main] DEBUG org.springframework.core.io.support.PathMatchingResourcePatternResolver - Looking for matching resources in jar file [file:/C:/Users/tomha/.m2/repository/com/fasterxml/jackson/core/jackson-databind/2.8.5/jackson-databind-2.8.5.jar]
19:46:39.823 [main] DEBUG org.springframework.core.io.support.PathMatchingResourcePatternResolver - Looking for matching resources in jar file [file:/C:/Users/tomha/.m2/repository/com/fasterxml/jackson/core/jackson-annotations/2.8.5/jackson-annotations-2.8.5.jar]
19:46:39.825 [main] DEBUG org.springframework.core.io.support.PathMatchingResourcePatternResolver - Looking for matching resources in jar file [file:/C:/Users/tomha/.m2/repository/com/fasterxml/jackson/core/jackson-core/2.8.5/jackson-core-2.8.5.jar]
19:46:39.827 [main] DEBUG org.springframework.core.io.support.PathMatchingResourcePatternResolver - Looking for matching resources in jar file [file:/C:/Users/tomha/.m2/repository/com/jayway/jsonpath/json-path/2.2.0/json-path-2.2.0.jar]
19:46:39.828 [main] DEBUG org.springframework.core.io.support.PathMatchingResourcePatternResolver - Resolved location pattern [classpath*:com/*.class] to resources []
19:46:39.837 [main] DEBUG org.springframework.test.context.junit4.SpringJUnit4ClassRunner - SpringJUnit4ClassRunner constructor called with [class com.in28minutes.springboot.web.SpringBootFirstWebApplicationTests]
19:46:39.837 [main] DEBUG org.springframework.test.context.BootstrapUtils - Instantiating CacheAwareContextLoaderDelegate from class [org.springframework.test.context.cache.DefaultCacheAwareContextLoaderDelegate]
19:46:39.837 [main] DEBUG org.springframework.test.context.BootstrapUtils - Instantiating BootstrapContext using constructor [public org.springframework.test.context.support.DefaultBootstrapContext(java.lang.Class,org.springframework.test.context.CacheAwareContextLoaderDelegate)]
19:46:39.838 [main] DEBUG org.springframework.test.context.BootstrapUtils - Instantiating TestContextBootstrapper for test class [com.in28minutes.springboot.web.SpringBootFirstWebApplicationTests] from class [org.springframework.boot.test.context.SpringBootTestContextBootstrapper]
19:46:39.838 [main] INFO org.springframework.boot.test.context.SpringBootTestContextBootstrapper - Neither @ContextConfiguration nor @ContextHierarchy found for test class [com.in28minutes.springboot.web.SpringBootFirstWebApplicationTests], using SpringBootContextLoader
19:46:39.839 [main] DEBUG org.springframework.test.context.support.AbstractContextLoader - Did not detect default resource location for test class [com.in28minutes.springboot.web.SpringBootFirstWebApplicationTests]: class path resource [com/in28minutes/springboot/web/SpringBootFirstWebApplicationTests-context.xml] does not exist
19:46:39.840 [main] DEBUG org.springframework.test.context.support.AbstractContextLoader - Did not detect default resource location for test class [com.in28minutes.springboot.web.SpringBootFirstWebApplicationTests]: class path resource [com/in28minutes/springboot/web/SpringBootFirstWebApplicationTestsContext.groovy] does not exist
19:46:39.840 [main] INFO org.springframework.test.context.support.AbstractContextLoader - Could not detect default resource locations for test class [com.in28minutes.springboot.web.SpringBootFirstWebApplicationTests]: no resource found for suffixes {-context.xml, Context.groovy}.
19:46:39.840 [main] INFO org.springframework.test.context.support.AnnotationConfigContextLoaderUtils - Could not detect default configuration classes for test class [com.in28minutes.springboot.web.SpringBootFirstWebApplicationTests]: SpringBootFirstWebApplicationTests does not declare any static, non-private, non-final, nested classes annotated with @Configuration.
19:46:39.846 [main] DEBUG org.springframework.test.context.support.ActiveProfilesUtils - Could not find an 'annotation declaring class' for annotation type [org.springframework.test.context.ActiveProfiles] and class [com.in28minutes.springboot.web.SpringBootFirstWebApplicationTests]
19:46:39.846 [main] DEBUG org.springframework.core.env.StandardEnvironment - Adding [systemProperties] PropertySource with lowest search precedence
19:46:39.846 [main] DEBUG org.springframework.core.env.StandardEnvironment - Adding [systemEnvironment] PropertySource with lowest search precedence
19:46:39.846 [main] DEBUG org.springframework.core.env.StandardEnvironment - Initialized StandardEnvironment with PropertySources [systemProperties,systemEnvironment]
19:46:39.847 [main] DEBUG org.springframework.core.io.support.PathMatchingResourcePatternResolver - Resolved classpath location [com/in28minutes/springboot/web/] to resources [URL [file:/C:/Users/tomha/OneDrive/Workspace/student-services/spring-boot-first-web-application/target/test-classes/com/in28minutes/springboot/web/]]
19:46:39.847 [main] DEBUG org.springframework.core.io.support.PathMatchingResourcePatternResolver - Looking for matching resources in directory tree [C:\Users\tomha\OneDrive\Workspace\student-services\spring-boot-first-web-application\target\test-classes\com\in28minutes\springboot\web]
19:46:39.848 [main] DEBUG org.springframework.core.io.support.PathMatchingResourcePatternResolver - Searching directory [C:\Users\tomha\OneDrive\Workspace\student-services\spring-boot-first-web-application\target\test-classes\com\in28minutes\springboot\web] for files matching pattern [C:/Users/tomha/OneDrive/Workspace/student-services/spring-boot-first-web-application/target/test-classes/com/in28minutes/springboot/web/*.class]
19:46:39.849 [main] DEBUG org.springframework.core.io.support.PathMatchingResourcePatternResolver - Resolved location pattern [classpath*:com/in28minutes/springboot/web/*.class] to resources [file [C:\Users\tomha\OneDrive\Workspace\student-services\spring-boot-first-web-application\target\test-classes\com\in28minutes\springboot\web\SpringBootFirstWebApplicationTests.class]]
19:46:39.851 [main] DEBUG org.springframework.core.io.support.PathMatchingResourcePatternResolver - Resolved classpath location [com/in28minutes/springboot/] to resources [URL [file:/C:/Users/tomha/OneDrive/Workspace/student-services/spring-boot-first-web-application/target/test-classes/com/in28minutes/springboot/]]
19:46:39.852 [main] DEBUG org.springframework.core.io.support.PathMatchingResourcePatternResolver - Looking for matching resources in directory tree [C:\Users\tomha\OneDrive\Workspace\student-services\spring-boot-first-web-application\target\test-classes\com\in28minutes\springboot]
19:46:39.852 [main] DEBUG org.springframework.core.io.support.PathMatchingResourcePatternResolver - Searching directory [C:\Users\tomha\OneDrive\Workspace\student-services\spring-boot-first-web-application\target\test-classes\com\in28minutes\springboot] for files matching pattern [C:/Users/tomha/OneDrive/Workspace/student-services/spring-boot-first-web-application/target/test-classes/com/in28minutes/springboot/*.class]
19:46:39.853 [main] DEBUG org.springframework.core.io.support.PathMatchingResourcePatternResolver - Resolved location pattern [classpath*:com/in28minutes/springboot/*.class] to resources []
19:46:39.853 [main] DEBUG org.springframework.core.io.support.PathMatchingResourcePatternResolver - Resolved classpath location [com/in28minutes/] to resources [URL [file:/C:/Users/tomha/OneDrive/Workspace/student-services/spring-boot-first-web-application/target/test-classes/com/in28minutes/]]
19:46:39.854 [main] DEBUG org.springframework.core.io.support.PathMatchingResourcePatternResolver - Looking for matching resources in directory tree [C:\Users\tomha\OneDrive\Workspace\student-services\spring-boot-first-web-application\target\test-classes\com\in28minutes]
19:46:39.854 [main] DEBUG org.springframework.core.io.support.PathMatchingResourcePatternResolver - Searching directory [C:\Users\tomha\OneDrive\Workspace\student-services\spring-boot-first-web-application\target\test-classes\com\in28minutes] for files matching pattern [C:/Users/tomha/OneDrive/Workspace/student-services/spring-boot-first-web-application/target/test-classes/com/in28minutes/*.class]
19:46:39.854 [main] DEBUG org.springframework.core.io.support.PathMatchingResourcePatternResolver - Resolved location pattern [classpath*:com/in28minutes/*.class] to resources []
19:46:39.856 [main] DEBUG org.springframework.core.io.support.PathMatchingResourcePatternResolver - Resolved classpath location [com/] to resources [URL [file:/C:/Users/tomha/OneDrive/Workspace/student-services/spring-boot-first-web-application/target/test-classes/com/], URL [file:/C:/Users/tomha/OneDrive/Workspace/student-services/spring-boot-first-web-application/target/classes/com/], URL [jar:file:/C:/Users/tomha/.m2/repository/com/fasterxml/classmate/1.3.3/classmate-1.3.3.jar!/com/], URL [jar:file:/C:/Users/tomha/.m2/repository/com/fasterxml/jackson/core/jackson-databind/2.8.5/jackson-databind-2.8.5.jar!/com/], URL [jar:file:/C:/Users/tomha/.m2/repository/com/fasterxml/jackson/core/jackson-annotations/2.8.5/jackson-annotations-2.8.5.jar!/com/], URL [jar:file:/C:/Users/tomha/.m2/repository/com/fasterxml/jackson/core/jackson-core/2.8.5/jackson-core-2.8.5.jar!/com/], URL [jar:file:/C:/Users/tomha/.m2/repository/com/jayway/jsonpath/json-path/2.2.0/json-path-2.2.0.jar!/com/]]
19:46:39.856 [main] DEBUG org.springframework.core.io.support.PathMatchingResourcePatternResolver - Looking for matching resources in directory tree [C:\Users\tomha\OneDrive\Workspace\student-services\spring-boot-first-web-application\target\test-classes\com]
19:46:39.857 [main] DEBUG org.springframework.core.io.support.PathMatchingResourcePatternResolver - Searching directory [C:\Users\tomha\OneDrive\Workspace\student-services\spring-boot-first-web-application\target\test-classes\com] for files matching pattern [C:/Users/tomha/OneDrive/Workspace/student-services/spring-boot-first-web-application/target/test-classes/com/*.class]
19:46:39.857 [main] DEBUG org.springframework.core.io.support.PathMatchingResourcePatternResolver - Looking for matching resources in directory tree [C:\Users\tomha\OneDrive\Workspace\student-services\spring-boot-first-web-application\target\classes\com]
19:46:39.858 [main] DEBUG org.springframework.core.io.support.PathMatchingResourcePatternResolver - Searching directory [C:\Users\tomha\OneDrive\Workspace\student-services\spring-boot-first-web-application\target\classes\com] for files matching pattern [C:/Users/tomha/OneDrive/Workspace/student-services/spring-boot-first-web-application/target/classes/com/*.class]
19:46:39.860 [main] DEBUG org.springframework.core.io.support.PathMatchingResourcePatternResolver - Looking for matching resources in jar file [file:/C:/Users/tomha/.m2/repository/com/fasterxml/classmate/1.3.3/classmate-1.3.3.jar]
19:46:39.861 [main] DEBUG org.springframework.core.io.support.PathMatchingResourcePatternResolver - Looking for matching resources in jar file [file:/C:/Users/tomha/.m2/repository/com/fasterxml/jackson/core/jackson-databind/2.8.5/jackson-databind-2.8.5.jar]
19:46:39.865 [main] DEBUG org.springframework.core.io.support.PathMatchingResourcePatternResolver - Looking for matching resources in jar file [file:/C:/Users/tomha/.m2/repository/com/fasterxml/jackson/core/jackson-annotations/2.8.5/jackson-annotations-2.8.5.jar]
19:46:39.866 [main] DEBUG org.springframework.core.io.support.PathMatchingResourcePatternResolver - Looking for matching resources in jar file [file:/C:/Users/tomha/.m2/repository/com/fasterxml/jackson/core/jackson-core/2.8.5/jackson-core-2.8.5.jar]
19:46:39.867 [main] DEBUG org.springframework.core.io.support.PathMatchingResourcePatternResolver - Looking for matching resources in jar file [file:/C:/Users/tomha/.m2/repository/com/jayway/jsonpath/json-path/2.2.0/json-path-2.2.0.jar]
19:46:39.869 [main] DEBUG org.springframework.core.io.support.PathMatchingResourcePatternResolver - Resolved location pattern [classpath*:com/*.class] to resources []
]]></system-out>
  </testcase>
</testsuite>